{"/Users/user/Documents/presave-microservice/config/queues.js": {"path":"/Users/user/Documents/presave-microservice/config/queues.js","statementMap":{"0":{"start":{"line":1,"column":13},"end":{"line":1,"column":35}},"1":{"start":{"line":7,"column":20},"end":{"line":7,"column":72}},"2":{"start":{"line":9,"column":15},"end":{"line":19,"column":1}},"3":{"start":{"line":21,"column":0},"end":{"line":21,"column":28}},"4":{"start":{"line":28,"column":85},"end":{"line":28,"column":39806}},"5":{"start":{"line":28,"column":89},"end":{"line":28,"column":39795}}},"fnMap":{"0":{"name":"oo_cm","decl":{"start":{"line":28,"column":77},"end":{"line":28,"column":82}},"loc":{"start":{"line":28,"column":84},"end":{"line":28,"column":39807}},"line":28}},"branchMap":{"0":{"loc":{"start":{"line":28,"column":96},"end":{"line":28,"column":39794}},"type":"binary-expr","locations":[{"start":{"line":28,"column":96},"end":{"line":28,"column":133}},{"start":{"line":28,"column":137},"end":{"line":28,"column":39794}}],"line":28}},"s":{"0":1,"1":1,"2":1,"3":1,"4":1,"5":1},"f":{"0":1},"b":{"0":[1,1]},"_coverageSchema":"1a1c01bbd47fc00a2c39e90264f33305004495a9","hash":"6762c616239a83c394e5de6c0f9d4c32517e0016"}
,"/Users/user/Documents/presave-microservice/services/insightsQueue.js": {"path":"/Users/user/Documents/presave-microservice/services/insightsQueue.js","statementMap":{"0":{"start":{"line":1,"column":14},"end":{"line":1,"column":29}},"1":{"start":{"line":2,"column":14},"end":{"line":2,"column":32}},"2":{"start":{"line":3,"column":30},"end":{"line":3,"column":86}},"3":{"start":{"line":4,"column":19},"end":{"line":4,"column":46}},"4":{"start":{"line":9,"column":22},"end":{"line":9,"column":65}},"5":{"start":{"line":13,"column":17},"end":{"line":13,"column":46}},"6":{"start":{"line":14,"column":1},"end":{"line":18,"column":2}},"7":{"start":{"line":16,"column":2},"end":{"line":16,"column":30}},"8":{"start":{"line":17,"column":2},"end":{"line":17,"column":61}},"9":{"start":{"line":22,"column":0},"end":{"line":28,"column":3}},"10":{"start":{"line":23,"column":21},"end":{"line":23,"column":74}},"11":{"start":{"line":24,"column":1},"end":{"line":27,"column":15}},"12":{"start":{"line":25,"column":2},"end":{"line":25,"column":47}},"13":{"start":{"line":26,"column":22},"end":{"line":26,"column":81}},"14":{"start":{"line":43,"column":0},"end":{"line":43,"column":54}},"15":{"start":{"line":50,"column":85},"end":{"line":50,"column":39806}},"16":{"start":{"line":50,"column":89},"end":{"line":50,"column":39795}}},"fnMap":{"0":{"name":"initInsightsQueue","decl":{"start":{"line":12,"column":15},"end":{"line":12,"column":32}},"loc":{"start":{"line":12,"column":35},"end":{"line":19,"column":1}},"line":12},"1":{"name":"(anonymous_1)","decl":{"start":{"line":22,"column":22},"end":{"line":22,"column":23}},"loc":{"start":{"line":22,"column":35},"end":{"line":28,"column":1}},"line":22},"2":{"name":"oo_cm","decl":{"start":{"line":50,"column":77},"end":{"line":50,"column":82}},"loc":{"start":{"line":50,"column":84},"end":{"line":50,"column":39807}},"line":50}},"branchMap":{"0":{"loc":{"start":{"line":14,"column":1},"end":{"line":18,"column":2}},"type":"if","locations":[{"start":{"line":14,"column":1},"end":{"line":18,"column":2}},{"start":{},"end":{}}],"line":14},"1":{"loc":{"start":{"line":50,"column":96},"end":{"line":50,"column":39794}},"type":"binary-expr","locations":[{"start":{"line":50,"column":96},"end":{"line":50,"column":133}},{"start":{"line":50,"column":137},"end":{"line":50,"column":39794}}],"line":50}},"s":{"0":1,"1":1,"2":1,"3":1,"4":1,"5":1,"6":1,"7":1,"8":1,"9":1,"10":0,"11":0,"12":0,"13":0,"14":1,"15":0,"16":0},"f":{"0":1,"1":0,"2":0},"b":{"0":[1,0],"1":[0,0]},"_coverageSchema":"1a1c01bbd47fc00a2c39e90264f33305004495a9","hash":"246b11d8434c65efc2ccb8cf7774d7ba1aef8315"}
,"/Users/user/Documents/presave-microservice/utils/batch-single/cache/index.js": {"path":"/Users/user/Documents/presave-microservice/utils/batch-single/cache/index.js","statementMap":{"0":{"start":{"line":1,"column":11},"end":{"line":1,"column":24}},"1":{"start":{"line":2,"column":13},"end":{"line":2,"column":28}},"2":{"start":{"line":3,"column":0},"end":{"line":33,"column":2}},"3":{"start":{"line":5,"column":2},"end":{"line":5,"column":56}},"4":{"start":{"line":6,"column":22},"end":{"line":6,"column":83}},"5":{"start":{"line":10,"column":2},"end":{"line":18,"column":3}},"6":{"start":{"line":11,"column":23},"end":{"line":11,"column":98}},"7":{"start":{"line":12,"column":3},"end":{"line":12,"column":40}},"8":{"start":{"line":14,"column":3},"end":{"line":16,"column":4}},"9":{"start":{"line":15,"column":4},"end":{"line":15,"column":14}},"10":{"start":{"line":17,"column":3},"end":{"line":17,"column":15}},"11":{"start":{"line":22,"column":2},"end":{"line":27,"column":3}},"12":{"start":{"line":23,"column":3},"end":{"line":23,"column":103}},"13":{"start":{"line":24,"column":3},"end":{"line":24,"column":101}},"14":{"start":{"line":26,"column":3},"end":{"line":26,"column":11}},"15":{"start":{"line":31,"column":2},"end":{"line":31,"column":75}},"16":{"start":{"line":40,"column":85},"end":{"line":40,"column":39806}},"17":{"start":{"line":40,"column":89},"end":{"line":40,"column":39795}}},"fnMap":{"0":{"name":"(anonymous_0)","decl":{"start":{"line":4,"column":1},"end":{"line":4,"column":2}},"loc":{"start":{"line":4,"column":15},"end":{"line":7,"column":2}},"line":4},"1":{"name":"(anonymous_1)","decl":{"start":{"line":9,"column":1},"end":{"line":9,"column":2}},"loc":{"start":{"line":9,"column":13},"end":{"line":19,"column":2}},"line":9},"2":{"name":"(anonymous_2)","decl":{"start":{"line":21,"column":1},"end":{"line":21,"column":2}},"loc":{"start":{"line":21,"column":17},"end":{"line":28,"column":2}},"line":21},"3":{"name":"(anonymous_3)","decl":{"start":{"line":30,"column":1},"end":{"line":30,"column":2}},"loc":{"start":{"line":30,"column":15},"end":{"line":32,"column":2}},"line":30},"4":{"name":"oo_cm","decl":{"start":{"line":40,"column":77},"end":{"line":40,"column":82}},"loc":{"start":{"line":40,"column":84},"end":{"line":40,"column":39807}},"line":40}},"branchMap":{"0":{"loc":{"start":{"line":12,"column":10},"end":{"line":12,"column":39}},"type":"binary-expr","locations":[{"start":{"line":12,"column":10},"end":{"line":12,"column":33}},{"start":{"line":12,"column":37},"end":{"line":12,"column":39}}],"line":12},"1":{"loc":{"start":{"line":14,"column":3},"end":{"line":16,"column":4}},"type":"if","locations":[{"start":{"line":14,"column":3},"end":{"line":16,"column":4}},{"start":{},"end":{}}],"line":14},"2":{"loc":{"start":{"line":40,"column":96},"end":{"line":40,"column":39794}},"type":"binary-expr","locations":[{"start":{"line":40,"column":96},"end":{"line":40,"column":133}},{"start":{"line":40,"column":137},"end":{"line":40,"column":39794}}],"line":40}},"s":{"0":1,"1":1,"2":1,"3":1,"4":1,"5":0,"6":0,"7":0,"8":0,"9":0,"10":0,"11":0,"12":0,"13":0,"14":0,"15":0,"16":1,"17":1},"f":{"0":1,"1":0,"2":0,"3":0,"4":1},"b":{"0":[0,0],"1":[0,0],"2":[1,1]},"_coverageSchema":"1a1c01bbd47fc00a2c39e90264f33305004495a9","hash":"6131446df843c75bbf7753088263058d81f8f06d"}
,"/Users/user/Documents/presave-microservice/utils/batch-single/calculateBounceRate/index.js": {"path":"/Users/user/Documents/presave-microservice/utils/batch-single/calculateBounceRate/index.js","statementMap":{"0":{"start":{"line":2,"column":0},"end":{"line":4,"column":2}},"1":{"start":{"line":3,"column":1},"end":{"line":3,"column":62}}},"fnMap":{"0":{"name":"(anonymous_0)","decl":{"start":{"line":2,"column":37},"end":{"line":2,"column":38}},"loc":{"start":{"line":2,"column":64},"end":{"line":4,"column":1}},"line":2}},"branchMap":{"0":{"loc":{"start":{"line":3,"column":8},"end":{"line":3,"column":61}},"type":"cond-expr","locations":[{"start":{"line":3,"column":23},"end":{"line":3,"column":57}},{"start":{"line":3,"column":60},"end":{"line":3,"column":61}}],"line":3}},"s":{"0":1,"1":0},"f":{"0":0},"b":{"0":[0,0]},"_coverageSchema":"1a1c01bbd47fc00a2c39e90264f33305004495a9","hash":"7b0eadd45bb1f4ee3f035b9101b515394351221e"}
,"/Users/user/Documents/presave-microservice/utils/batch-single/formatDate/index.js": {"path":"/Users/user/Documents/presave-microservice/utils/batch-single/formatDate/index.js","statementMap":{"0":{"start":{"line":1,"column":0},"end":{"line":7,"column":2}},"1":{"start":{"line":2,"column":14},"end":{"line":2,"column":33}},"2":{"start":{"line":3,"column":1},"end":{"line":6,"column":4}}},"fnMap":{"0":{"name":"(anonymous_0)","decl":{"start":{"line":1,"column":32},"end":{"line":1,"column":33}},"loc":{"start":{"line":1,"column":53},"end":{"line":7,"column":1}},"line":1}},"branchMap":{},"s":{"0":2,"1":3,"2":3},"f":{"0":3},"b":{},"_coverageSchema":"1a1c01bbd47fc00a2c39e90264f33305004495a9","hash":"4f2065a4ca2aac86b3a609f08dd6f9aec9c4021b"}
,"/Users/user/Documents/presave-microservice/utils/batch-single/insightsProcessor/index.js": {"path":"/Users/user/Documents/presave-microservice/utils/batch-single/insightsProcessor/index.js","statementMap":{"0":{"start":{"line":1,"column":11},"end":{"line":1,"column":24}},"1":{"start":{"line":2,"column":13},"end":{"line":2,"column":28}},"2":{"start":{"line":3,"column":13},"end":{"line":3,"column":32}},"3":{"start":{"line":4,"column":32},"end":{"line":4,"column":65}},"4":{"start":{"line":5,"column":30},"end":{"line":5,"column":61}},"5":{"start":{"line":6,"column":25},"end":{"line":6,"column":44}},"6":{"start":{"line":8,"column":0},"end":{"line":119,"column":2}},"7":{"start":{"line":10,"column":2},"end":{"line":10,"column":25}},"8":{"start":{"line":11,"column":2},"end":{"line":11,"column":30}},"9":{"start":{"line":12,"column":2},"end":{"line":12,"column":80}},"10":{"start":{"line":13,"column":2},"end":{"line":13,"column":23}},"11":{"start":{"line":16,"column":2},"end":{"line":18,"column":3}},"12":{"start":{"line":17,"column":3},"end":{"line":17,"column":21}},"13":{"start":{"line":19,"column":2},"end":{"line":30,"column":3}},"14":{"start":{"line":20,"column":23},"end":{"line":20,"column":92}},"15":{"start":{"line":22,"column":23},"end":{"line":22,"column":78}},"16":{"start":{"line":23,"column":3},"end":{"line":23,"column":40}},"17":{"start":{"line":25,"column":3},"end":{"line":27,"column":4}},"18":{"start":{"line":26,"column":4},"end":{"line":26,"column":14}},"19":{"start":{"line":28,"column":23},"end":{"line":28,"column":104}},"20":{"start":{"line":29,"column":3},"end":{"line":29,"column":13}},"21":{"start":{"line":34,"column":2},"end":{"line":36,"column":3}},"22":{"start":{"line":35,"column":3},"end":{"line":35,"column":23}},"23":{"start":{"line":37,"column":2},"end":{"line":42,"column":3}},"24":{"start":{"line":38,"column":3},"end":{"line":38,"column":83}},"25":{"start":{"line":39,"column":3},"end":{"line":39,"column":83}},"26":{"start":{"line":41,"column":23},"end":{"line":41,"column":104}},"27":{"start":{"line":46,"column":2},"end":{"line":50,"column":3}},"28":{"start":{"line":47,"column":3},"end":{"line":47,"column":33}},"29":{"start":{"line":49,"column":23},"end":{"line":49,"column":104}},"30":{"start":{"line":54,"column":20},"end":{"line":54,"column":45}},"31":{"start":{"line":55,"column":2},"end":{"line":55,"column":25}},"32":{"start":{"line":55,"column":18},"end":{"line":55,"column":25}},"33":{"start":{"line":57,"column":2},"end":{"line":57,"column":93}},"34":{"start":{"line":60,"column":2},"end":{"line":60,"column":37}},"35":{"start":{"line":61,"column":2},"end":{"line":61,"column":66}},"36":{"start":{"line":61,"column":42},"end":{"line":61,"column":59}},"37":{"start":{"line":64,"column":17},"end":{"line":64,"column":50}},"38":{"start":{"line":64,"column":26},"end":{"line":64,"column":50}},"39":{"start":{"line":66,"column":2},"end":{"line":81,"column":3}},"40":{"start":{"line":67,"column":20},"end":{"line":67,"column":47}},"41":{"start":{"line":69,"column":18},"end":{"line":75,"column":4}},"42":{"start":{"line":70,"column":20},"end":{"line":73,"column":5}},"43":{"start":{"line":77,"column":3},"end":{"line":77,"column":37}},"44":{"start":{"line":78,"column":3},"end":{"line":78,"column":22}},"45":{"start":{"line":80,"column":23},"end":{"line":80,"column":108}},"46":{"start":{"line":86,"column":2},"end":{"line":86,"column":33}},"47":{"start":{"line":86,"column":17},"end":{"line":86,"column":33}},"48":{"start":{"line":87,"column":17},"end":{"line":103,"column":3}},"49":{"start":{"line":88,"column":3},"end":{"line":102,"column":6}},"50":{"start":{"line":89,"column":4},"end":{"line":101,"column":5}},"51":{"start":{"line":91,"column":22},"end":{"line":91,"column":50}},"52":{"start":{"line":92,"column":5},"end":{"line":92,"column":28}},"53":{"start":{"line":93,"column":5},"end":{"line":93,"column":58}},"54":{"start":{"line":94,"column":11},"end":{"line":101,"column":5}},"55":{"start":{"line":95,"column":5},"end":{"line":95,"column":68}},"56":{"start":{"line":95,"column":23},"end":{"line":95,"column":68}},"57":{"start":{"line":96,"column":5},"end":{"line":96,"column":32}},"58":{"start":{"line":97,"column":11},"end":{"line":101,"column":5}},"59":{"start":{"line":98,"column":5},"end":{"line":98,"column":46}},"60":{"start":{"line":100,"column":5},"end":{"line":100,"column":25}},"61":{"start":{"line":105,"column":17},"end":{"line":105,"column":61}},"62":{"start":{"line":106,"column":2},"end":{"line":106,"column":27}},"63":{"start":{"line":108,"column":2},"end":{"line":115,"column":3}},"64":{"start":{"line":109,"column":27},"end":{"line":109,"column":78}},"65":{"start":{"line":110,"column":21},"end":{"line":110,"column":66}},"66":{"start":{"line":111,"column":3},"end":{"line":111,"column":60}},"67":{"start":{"line":112,"column":3},"end":{"line":112,"column":48}},"68":{"start":{"line":113,"column":3},"end":{"line":113,"column":110}},"69":{"start":{"line":114,"column":3},"end":{"line":114,"column":92}},"70":{"start":{"line":117,"column":2},"end":{"line":117,"column":16}},"71":{"start":{"line":126,"column":85},"end":{"line":126,"column":39806}},"72":{"start":{"line":126,"column":89},"end":{"line":126,"column":39795}}},"fnMap":{"0":{"name":"(anonymous_0)","decl":{"start":{"line":9,"column":1},"end":{"line":9,"column":2}},"loc":{"start":{"line":9,"column":17},"end":{"line":14,"column":2}},"line":9},"1":{"name":"(anonymous_1)","decl":{"start":{"line":15,"column":1},"end":{"line":15,"column":2}},"loc":{"start":{"line":15,"column":42},"end":{"line":31,"column":2}},"line":15},"2":{"name":"(anonymous_2)","decl":{"start":{"line":33,"column":1},"end":{"line":33,"column":2}},"loc":{"start":{"line":33,"column":39},"end":{"line":43,"column":2}},"line":33},"3":{"name":"(anonymous_3)","decl":{"start":{"line":45,"column":1},"end":{"line":45,"column":2}},"loc":{"start":{"line":45,"column":19},"end":{"line":51,"column":2}},"line":45},"4":{"name":"(anonymous_4)","decl":{"start":{"line":53,"column":1},"end":{"line":53,"column":2}},"loc":{"start":{"line":53,"column":27},"end":{"line":62,"column":2}},"line":53},"5":{"name":"(anonymous_5)","decl":{"start":{"line":61,"column":36},"end":{"line":61,"column":37}},"loc":{"start":{"line":61,"column":42},"end":{"line":61,"column":59}},"line":61},"6":{"name":"(anonymous_6)","decl":{"start":{"line":64,"column":17},"end":{"line":64,"column":18}},"loc":{"start":{"line":64,"column":26},"end":{"line":64,"column":50}},"line":64},"7":{"name":"(anonymous_7)","decl":{"start":{"line":65,"column":1},"end":{"line":65,"column":2}},"loc":{"start":{"line":65,"column":20},"end":{"line":82,"column":2}},"line":65},"8":{"name":"(anonymous_8)","decl":{"start":{"line":70,"column":4},"end":{"line":70,"column":5}},"loc":{"start":{"line":70,"column":20},"end":{"line":73,"column":5}},"line":70},"9":{"name":"(anonymous_9)","decl":{"start":{"line":83,"column":1},"end":{"line":83,"column":2}},"loc":{"start":{"line":83,"column":36},"end":{"line":118,"column":2}},"line":83},"10":{"name":"(anonymous_10)","decl":{"start":{"line":87,"column":17},"end":{"line":87,"column":18}},"loc":{"start":{"line":87,"column":37},"end":{"line":103,"column":3}},"line":87},"11":{"name":"(anonymous_11)","decl":{"start":{"line":88,"column":34},"end":{"line":88,"column":35}},"loc":{"start":{"line":88,"column":52},"end":{"line":102,"column":4}},"line":88},"12":{"name":"oo_cm","decl":{"start":{"line":126,"column":77},"end":{"line":126,"column":82}},"loc":{"start":{"line":126,"column":84},"end":{"line":126,"column":39807}},"line":126}},"branchMap":{"0":{"loc":{"start":{"line":15,"column":24},"end":{"line":15,"column":40}},"type":"default-arg","locations":[{"start":{"line":15,"column":31},"end":{"line":15,"column":40}}],"line":15},"1":{"loc":{"start":{"line":16,"column":2},"end":{"line":18,"column":3}},"type":"if","locations":[{"start":{"line":16,"column":2},"end":{"line":18,"column":3}},{"start":{},"end":{}}],"line":16},"2":{"loc":{"start":{"line":23,"column":10},"end":{"line":23,"column":39}},"type":"binary-expr","locations":[{"start":{"line":23,"column":10},"end":{"line":23,"column":33}},{"start":{"line":23,"column":37},"end":{"line":23,"column":39}}],"line":23},"3":{"loc":{"start":{"line":25,"column":3},"end":{"line":27,"column":4}},"type":"if","locations":[{"start":{"line":25,"column":3},"end":{"line":27,"column":4}},{"start":{},"end":{}}],"line":25},"4":{"loc":{"start":{"line":33,"column":23},"end":{"line":33,"column":37}},"type":"default-arg","locations":[{"start":{"line":33,"column":28},"end":{"line":33,"column":37}}],"line":33},"5":{"loc":{"start":{"line":34,"column":2},"end":{"line":36,"column":3}},"type":"if","locations":[{"start":{"line":34,"column":2},"end":{"line":36,"column":3}},{"start":{},"end":{}}],"line":34},"6":{"loc":{"start":{"line":55,"column":2},"end":{"line":55,"column":25}},"type":"if","locations":[{"start":{"line":55,"column":2},"end":{"line":55,"column":25}},{"start":{},"end":{}}],"line":55},"7":{"loc":{"start":{"line":86,"column":2},"end":{"line":86,"column":33}},"type":"if","locations":[{"start":{"line":86,"column":2},"end":{"line":86,"column":33}},{"start":{},"end":{}}],"line":86},"8":{"loc":{"start":{"line":89,"column":4},"end":{"line":101,"column":5}},"type":"if","locations":[{"start":{"line":89,"column":4},"end":{"line":101,"column":5}},{"start":{"line":94,"column":11},"end":{"line":101,"column":5}}],"line":89},"9":{"loc":{"start":{"line":89,"column":8},"end":{"line":89,"column":54}},"type":"binary-expr","locations":[{"start":{"line":89,"column":8},"end":{"line":89,"column":26}},{"start":{"line":89,"column":30},"end":{"line":89,"column":54}}],"line":89},"10":{"loc":{"start":{"line":94,"column":11},"end":{"line":101,"column":5}},"type":"if","locations":[{"start":{"line":94,"column":11},"end":{"line":101,"column":5}},{"start":{"line":97,"column":11},"end":{"line":101,"column":5}}],"line":94},"11":{"loc":{"start":{"line":94,"column":15},"end":{"line":94,"column":58}},"type":"binary-expr","locations":[{"start":{"line":94,"column":15},"end":{"line":94,"column":40}},{"start":{"line":94,"column":44},"end":{"line":94,"column":58}}],"line":94},"12":{"loc":{"start":{"line":95,"column":5},"end":{"line":95,"column":68}},"type":"if","locations":[{"start":{"line":95,"column":5},"end":{"line":95,"column":68}},{"start":{},"end":{}}],"line":95},"13":{"loc":{"start":{"line":95,"column":37},"end":{"line":95,"column":67}},"type":"cond-expr","locations":[{"start":{"line":95,"column":60},"end":{"line":95,"column":62}},{"start":{"line":95,"column":65},"end":{"line":95,"column":67}}],"line":95},"14":{"loc":{"start":{"line":97,"column":11},"end":{"line":101,"column":5}},"type":"if","locations":[{"start":{"line":97,"column":11},"end":{"line":101,"column":5}},{"start":{"line":99,"column":11},"end":{"line":101,"column":5}}],"line":97},"15":{"loc":{"start":{"line":98,"column":20},"end":{"line":98,"column":36}},"type":"binary-expr","locations":[{"start":{"line":98,"column":20},"end":{"line":98,"column":31}},{"start":{"line":98,"column":35},"end":{"line":98,"column":36}}],"line":98},"16":{"loc":{"start":{"line":105,"column":17},"end":{"line":105,"column":61}},"type":"cond-expr","locations":[{"start":{"line":105,"column":28},"end":{"line":105,"column":43}},{"start":{"line":105,"column":46},"end":{"line":105,"column":61}}],"line":105},"17":{"loc":{"start":{"line":108,"column":2},"end":{"line":115,"column":3}},"type":"if","locations":[{"start":{"line":108,"column":2},"end":{"line":115,"column":3}},{"start":{},"end":{}}],"line":108},"18":{"loc":{"start":{"line":126,"column":96},"end":{"line":126,"column":39794}},"type":"binary-expr","locations":[{"start":{"line":126,"column":96},"end":{"line":126,"column":133}},{"start":{"line":126,"column":137},"end":{"line":126,"column":39794}}],"line":126}},"s":{"0":1,"1":1,"2":1,"3":1,"4":1,"5":1,"6":1,"7":1,"8":1,"9":1,"10":1,"11":0,"12":0,"13":0,"14":0,"15":0,"16":0,"17":0,"18":0,"19":0,"20":0,"21":0,"22":0,"23":0,"24":0,"25":0,"26":0,"27":0,"28":0,"29":0,"30":1,"31":1,"32":0,"33":1,"34":1,"35":1,"36":0,"37":1,"38":1,"39":0,"40":0,"41":0,"42":0,"43":0,"44":0,"45":0,"46":1,"47":1,"48":0,"49":0,"50":0,"51":0,"52":0,"53":0,"54":0,"55":0,"56":0,"57":0,"58":0,"59":0,"60":0,"61":0,"62":0,"63":0,"64":0,"65":0,"66":0,"67":0,"68":0,"69":0,"70":0,"71":0,"72":0},"f":{"0":1,"1":0,"2":0,"3":0,"4":1,"5":0,"6":1,"7":0,"8":0,"9":1,"10":0,"11":0,"12":0},"b":{"0":[0],"1":[0,0],"2":[0,0],"3":[0,0],"4":[0],"5":[0,0],"6":[0,1],"7":[1,0],"8":[0,0],"9":[0,0],"10":[0,0],"11":[0,0],"12":[0,0],"13":[0,0],"14":[0,0],"15":[0,0],"16":[0,0],"17":[0,0],"18":[0,0]},"_coverageSchema":"1a1c01bbd47fc00a2c39e90264f33305004495a9","hash":"3efa7307550d9ae5fc89a281fe6fa3fdfdd42da7"}
,"/Users/user/Documents/presave-microservice/utils/batch-single/processAndGetData/index.js": {"path":"/Users/user/Documents/presave-microservice/utils/batch-single/processAndGetData/index.js","statementMap":{"0":{"start":{"line":1,"column":13},"end":{"line":1,"column":32}},"1":{"start":{"line":2,"column":27},"end":{"line":2,"column":51}},"2":{"start":{"line":4,"column":0},"end":{"line":177,"column":2}},"3":{"start":{"line":5,"column":21},"end":{"line":5,"column":23}},"4":{"start":{"line":6,"column":21},"end":{"line":6,"column":77}},"5":{"start":{"line":8,"column":19},"end":{"line":8,"column":29}},"6":{"start":{"line":9,"column":16},"end":{"line":9,"column":51}},"7":{"start":{"line":10,"column":19},"end":{"line":10,"column":44}},"8":{"start":{"line":11,"column":20},"end":{"line":11,"column":37}},"9":{"start":{"line":12,"column":13},"end":{"line":12,"column":44}},"10":{"start":{"line":13,"column":14},"end":{"line":13,"column":66}},"11":{"start":{"line":14,"column":17},"end":{"line":14,"column":75}},"12":{"start":{"line":15,"column":18},"end":{"line":15,"column":39}},"13":{"start":{"line":16,"column":18},"end":{"line":16,"column":45}},"14":{"start":{"line":18,"column":1},"end":{"line":18,"column":21}},"15":{"start":{"line":18,"column":14},"end":{"line":18,"column":21}},"16":{"start":{"line":20,"column":25},"end":{"line":20,"column":30}},"17":{"start":{"line":22,"column":1},"end":{"line":25,"column":2}},"18":{"start":{"line":23,"column":19},"end":{"line":23,"column":70}},"19":{"start":{"line":24,"column":2},"end":{"line":24,"column":35}},"20":{"start":{"line":27,"column":1},"end":{"line":80,"column":3}},"21":{"start":{"line":82,"column":1},"end":{"line":172,"column":2}},"22":{"start":{"line":84,"column":2},"end":{"line":84,"column":39}},"23":{"start":{"line":85,"column":2},"end":{"line":85,"column":51}},"24":{"start":{"line":86,"column":2},"end":{"line":91,"column":3}},"25":{"start":{"line":87,"column":3},"end":{"line":87,"column":47}},"26":{"start":{"line":89,"column":3},"end":{"line":89,"column":41}},"27":{"start":{"line":90,"column":3},"end":{"line":90,"column":47}},"28":{"start":{"line":94,"column":2},"end":{"line":106,"column":3}},"29":{"start":{"line":95,"column":3},"end":{"line":95,"column":42}},"30":{"start":{"line":96,"column":3},"end":{"line":96,"column":48}},"31":{"start":{"line":97,"column":3},"end":{"line":105,"column":4}},"32":{"start":{"line":98,"column":4},"end":{"line":98,"column":65}},"33":{"start":{"line":99,"column":4},"end":{"line":99,"column":59}},"34":{"start":{"line":101,"column":4},"end":{"line":101,"column":59}},"35":{"start":{"line":102,"column":4},"end":{"line":102,"column":53}},"36":{"start":{"line":103,"column":4},"end":{"line":103,"column":59}},"37":{"start":{"line":104,"column":4},"end":{"line":104,"column":65}},"38":{"start":{"line":109,"column":2},"end":{"line":112,"column":3}},"39":{"start":{"line":110,"column":3},"end":{"line":110,"column":63}},"40":{"start":{"line":111,"column":3},"end":{"line":111,"column":69}},"41":{"start":{"line":115,"column":2},"end":{"line":131,"column":3}},"42":{"start":{"line":116,"column":3},"end":{"line":116,"column":96}},"43":{"start":{"line":117,"column":3},"end":{"line":117,"column":134}},"44":{"start":{"line":119,"column":24},"end":{"line":123,"column":4}},"45":{"start":{"line":120,"column":4},"end":{"line":120,"column":65}},"46":{"start":{"line":121,"column":4},"end":{"line":121,"column":19}},"47":{"start":{"line":122,"column":4},"end":{"line":122,"column":83}},"48":{"start":{"line":122,"column":46},"end":{"line":122,"column":83}},"49":{"start":{"line":125,"column":3},"end":{"line":130,"column":4}},"50":{"start":{"line":126,"column":4},"end":{"line":126,"column":64}},"51":{"start":{"line":128,"column":4},"end":{"line":128,"column":58}},"52":{"start":{"line":129,"column":4},"end":{"line":129,"column":64}},"53":{"start":{"line":134,"column":2},"end":{"line":152,"column":5}},"54":{"start":{"line":135,"column":17},"end":{"line":135,"column":80}},"55":{"start":{"line":136,"column":3},"end":{"line":136,"column":22}},"56":{"start":{"line":136,"column":15},"end":{"line":136,"column":22}},"57":{"start":{"line":138,"column":3},"end":{"line":138,"column":82}},"58":{"start":{"line":140,"column":24},"end":{"line":144,"column":4}},"59":{"start":{"line":141,"column":4},"end":{"line":141,"column":59}},"60":{"start":{"line":142,"column":4},"end":{"line":142,"column":19}},"61":{"start":{"line":143,"column":4},"end":{"line":143,"column":77}},"62":{"start":{"line":143,"column":43},"end":{"line":143,"column":77}},"63":{"start":{"line":146,"column":3},"end":{"line":151,"column":4}},"64":{"start":{"line":147,"column":4},"end":{"line":147,"column":60}},"65":{"start":{"line":149,"column":4},"end":{"line":149,"column":54}},"66":{"start":{"line":150,"column":4},"end":{"line":150,"column":60}},"67":{"start":{"line":153,"column":8},"end":{"line":172,"column":2}},"68":{"start":{"line":154,"column":25},"end":{"line":154,"column":85}},"69":{"start":{"line":157,"column":2},"end":{"line":157,"column":97}},"70":{"start":{"line":158,"column":2},"end":{"line":158,"column":139}},"71":{"start":{"line":160,"column":23},"end":{"line":164,"column":3}},"72":{"start":{"line":161,"column":3},"end":{"line":161,"column":76}},"73":{"start":{"line":162,"column":3},"end":{"line":162,"column":18}},"74":{"start":{"line":163,"column":3},"end":{"line":163,"column":94}},"75":{"start":{"line":163,"column":51},"end":{"line":163,"column":94}},"76":{"start":{"line":166,"column":2},"end":{"line":171,"column":3}},"77":{"start":{"line":167,"column":3},"end":{"line":167,"column":58}},"78":{"start":{"line":169,"column":3},"end":{"line":169,"column":52}},"79":{"start":{"line":170,"column":3},"end":{"line":170,"column":58}},"80":{"start":{"line":174,"column":21},"end":{"line":174,"column":83}},"81":{"start":{"line":176,"column":1},"end":{"line":176,"column":28}},"82":{"start":{"line":184,"column":85},"end":{"line":184,"column":39806}},"83":{"start":{"line":184,"column":89},"end":{"line":184,"column":39795}}},"fnMap":{"0":{"name":"(anonymous_0)","decl":{"start":{"line":4,"column":35},"end":{"line":4,"column":36}},"loc":{"start":{"line":4,"column":52},"end":{"line":177,"column":1}},"line":4},"1":{"name":"(anonymous_1)","decl":{"start":{"line":119,"column":24},"end":{"line":119,"column":25}},"loc":{"start":{"line":119,"column":34},"end":{"line":123,"column":4}},"line":119},"2":{"name":"(anonymous_2)","decl":{"start":{"line":134,"column":47},"end":{"line":134,"column":48}},"loc":{"start":{"line":134,"column":55},"end":{"line":152,"column":3}},"line":134},"3":{"name":"(anonymous_3)","decl":{"start":{"line":140,"column":24},"end":{"line":140,"column":25}},"loc":{"start":{"line":140,"column":34},"end":{"line":144,"column":4}},"line":140},"4":{"name":"(anonymous_4)","decl":{"start":{"line":160,"column":23},"end":{"line":160,"column":24}},"loc":{"start":{"line":160,"column":33},"end":{"line":164,"column":3}},"line":160},"5":{"name":"oo_cm","decl":{"start":{"line":184,"column":77},"end":{"line":184,"column":82}},"loc":{"start":{"line":184,"column":84},"end":{"line":184,"column":39807}},"line":184}},"branchMap":{"0":{"loc":{"start":{"line":13,"column":14},"end":{"line":13,"column":66}},"type":"binary-expr","locations":[{"start":{"line":13,"column":14},"end":{"line":13,"column":48}},{"start":{"line":13,"column":52},"end":{"line":13,"column":66}}],"line":13},"1":{"loc":{"start":{"line":14,"column":17},"end":{"line":14,"column":75}},"type":"binary-expr","locations":[{"start":{"line":14,"column":17},"end":{"line":14,"column":54}},{"start":{"line":14,"column":58},"end":{"line":14,"column":75}}],"line":14},"2":{"loc":{"start":{"line":18,"column":1},"end":{"line":18,"column":21}},"type":"if","locations":[{"start":{"line":18,"column":1},"end":{"line":18,"column":21}},{"start":{},"end":{}}],"line":18},"3":{"loc":{"start":{"line":22,"column":1},"end":{"line":25,"column":2}},"type":"if","locations":[{"start":{"line":22,"column":1},"end":{"line":25,"column":2}},{"start":{},"end":{}}],"line":22},"4":{"loc":{"start":{"line":82,"column":1},"end":{"line":172,"column":2}},"type":"if","locations":[{"start":{"line":82,"column":1},"end":{"line":172,"column":2}},{"start":{"line":153,"column":8},"end":{"line":172,"column":2}}],"line":82},"5":{"loc":{"start":{"line":86,"column":2},"end":{"line":91,"column":3}},"type":"if","locations":[{"start":{"line":86,"column":2},"end":{"line":91,"column":3}},{"start":{"line":88,"column":9},"end":{"line":91,"column":3}}],"line":86},"6":{"loc":{"start":{"line":94,"column":2},"end":{"line":106,"column":3}},"type":"if","locations":[{"start":{"line":94,"column":2},"end":{"line":106,"column":3}},{"start":{},"end":{}}],"line":94},"7":{"loc":{"start":{"line":97,"column":3},"end":{"line":105,"column":4}},"type":"if","locations":[{"start":{"line":97,"column":3},"end":{"line":105,"column":4}},{"start":{"line":100,"column":10},"end":{"line":105,"column":4}}],"line":97},"8":{"loc":{"start":{"line":109,"column":2},"end":{"line":112,"column":3}},"type":"if","locations":[{"start":{"line":109,"column":2},"end":{"line":112,"column":3}},{"start":{},"end":{}}],"line":109},"9":{"loc":{"start":{"line":115,"column":2},"end":{"line":131,"column":3}},"type":"if","locations":[{"start":{"line":115,"column":2},"end":{"line":131,"column":3}},{"start":{},"end":{}}],"line":115},"10":{"loc":{"start":{"line":116,"column":46},"end":{"line":116,"column":90}},"type":"binary-expr","locations":[{"start":{"line":116,"column":46},"end":{"line":116,"column":85}},{"start":{"line":116,"column":89},"end":{"line":116,"column":90}}],"line":116},"11":{"loc":{"start":{"line":117,"column":65},"end":{"line":117,"column":128}},"type":"binary-expr","locations":[{"start":{"line":117,"column":65},"end":{"line":117,"column":123}},{"start":{"line":117,"column":127},"end":{"line":117,"column":128}}],"line":117},"12":{"loc":{"start":{"line":120,"column":31},"end":{"line":120,"column":59}},"type":"binary-expr","locations":[{"start":{"line":120,"column":31},"end":{"line":120,"column":54}},{"start":{"line":120,"column":58},"end":{"line":120,"column":59}}],"line":120},"13":{"loc":{"start":{"line":122,"column":4},"end":{"line":122,"column":83}},"type":"if","locations":[{"start":{"line":122,"column":4},"end":{"line":122,"column":83}},{"start":{},"end":{}}],"line":122},"14":{"loc":{"start":{"line":125,"column":3},"end":{"line":130,"column":4}},"type":"if","locations":[{"start":{"line":125,"column":3},"end":{"line":130,"column":4}},{"start":{"line":127,"column":10},"end":{"line":130,"column":4}}],"line":125},"15":{"loc":{"start":{"line":136,"column":3},"end":{"line":136,"column":22}},"type":"if","locations":[{"start":{"line":136,"column":3},"end":{"line":136,"column":22}},{"start":{},"end":{}}],"line":136},"16":{"loc":{"start":{"line":138,"column":39},"end":{"line":138,"column":76}},"type":"binary-expr","locations":[{"start":{"line":138,"column":39},"end":{"line":138,"column":71}},{"start":{"line":138,"column":75},"end":{"line":138,"column":76}}],"line":138},"17":{"loc":{"start":{"line":141,"column":28},"end":{"line":141,"column":53}},"type":"binary-expr","locations":[{"start":{"line":141,"column":28},"end":{"line":141,"column":48}},{"start":{"line":141,"column":52},"end":{"line":141,"column":53}}],"line":141},"18":{"loc":{"start":{"line":143,"column":4},"end":{"line":143,"column":77}},"type":"if","locations":[{"start":{"line":143,"column":4},"end":{"line":143,"column":77}},{"start":{},"end":{}}],"line":143},"19":{"loc":{"start":{"line":146,"column":3},"end":{"line":151,"column":4}},"type":"if","locations":[{"start":{"line":146,"column":3},"end":{"line":151,"column":4}},{"start":{"line":148,"column":10},"end":{"line":151,"column":4}}],"line":146},"20":{"loc":{"start":{"line":153,"column":8},"end":{"line":172,"column":2}},"type":"if","locations":[{"start":{"line":153,"column":8},"end":{"line":172,"column":2}},{"start":{},"end":{}}],"line":153},"21":{"loc":{"start":{"line":154,"column":25},"end":{"line":154,"column":85}},"type":"binary-expr","locations":[{"start":{"line":154,"column":25},"end":{"line":154,"column":63}},{"start":{"line":154,"column":67},"end":{"line":154,"column":85}}],"line":154},"22":{"loc":{"start":{"line":157,"column":46},"end":{"line":157,"column":91}},"type":"binary-expr","locations":[{"start":{"line":157,"column":46},"end":{"line":157,"column":86}},{"start":{"line":157,"column":90},"end":{"line":157,"column":91}}],"line":157},"23":{"loc":{"start":{"line":158,"column":67},"end":{"line":158,"column":133}},"type":"binary-expr","locations":[{"start":{"line":158,"column":67},"end":{"line":158,"column":128}},{"start":{"line":158,"column":132},"end":{"line":158,"column":133}}],"line":158},"24":{"loc":{"start":{"line":161,"column":36},"end":{"line":161,"column":70}},"type":"binary-expr","locations":[{"start":{"line":161,"column":36},"end":{"line":161,"column":65}},{"start":{"line":161,"column":69},"end":{"line":161,"column":70}}],"line":161},"25":{"loc":{"start":{"line":163,"column":3},"end":{"line":163,"column":94}},"type":"if","locations":[{"start":{"line":163,"column":3},"end":{"line":163,"column":94}},{"start":{},"end":{}}],"line":163},"26":{"loc":{"start":{"line":166,"column":2},"end":{"line":171,"column":3}},"type":"if","locations":[{"start":{"line":166,"column":2},"end":{"line":171,"column":3}},{"start":{"line":168,"column":9},"end":{"line":171,"column":3}}],"line":166},"27":{"loc":{"start":{"line":184,"column":96},"end":{"line":184,"column":39794}},"type":"binary-expr","locations":[{"start":{"line":184,"column":96},"end":{"line":184,"column":133}},{"start":{"line":184,"column":137},"end":{"line":184,"column":39794}}],"line":184}},"s":{"0":2,"1":2,"2":2,"3":3,"4":3,"5":3,"6":3,"7":3,"8":3,"9":3,"10":3,"11":3,"12":3,"13":3,"14":3,"15":0,"16":3,"17":3,"18":1,"19":1,"20":3,"21":3,"22":1,"23":1,"24":1,"25":0,"26":1,"27":1,"28":1,"29":1,"30":1,"31":1,"32":0,"33":0,"34":1,"35":1,"36":1,"37":1,"38":1,"39":1,"40":1,"41":1,"42":1,"43":1,"44":1,"45":2,"46":2,"47":2,"48":2,"49":1,"50":0,"51":1,"52":1,"53":1,"54":3,"55":3,"56":0,"57":3,"58":3,"59":6,"60":6,"61":6,"62":6,"63":3,"64":0,"65":3,"66":3,"67":2,"68":1,"69":1,"70":1,"71":1,"72":2,"73":2,"74":2,"75":2,"76":1,"77":0,"78":1,"79":1,"80":3,"81":3,"82":6,"83":6},"f":{"0":3,"1":2,"2":3,"3":6,"4":2,"5":6},"b":{"0":[3,0],"1":[3,0],"2":[0,3],"3":[1,2],"4":[1,2],"5":[0,1],"6":[1,0],"7":[0,1],"8":[1,0],"9":[1,0],"10":[1,1],"11":[1,1],"12":[2,2],"13":[2,0],"14":[0,1],"15":[0,3],"16":[3,3],"17":[6,6],"18":[6,0],"19":[0,3],"20":[1,1],"21":[1,0],"22":[1,1],"23":[1,1],"24":[2,2],"25":[2,0],"26":[0,1],"27":[6,1]},"_coverageSchema":"1a1c01bbd47fc00a2c39e90264f33305004495a9","hash":"40485338a82386530b665b9dacd35658d0b480c2"}
}
