TN:
SF:config/queues.js
FN:28,oo_cm
FNF:1
FNH:1
FNDA:1,oo_cm
DA:1,1
DA:7,1
DA:9,1
DA:21,1
DA:28,1
LF:5
LH:5
BRDA:28,0,0,1
BRDA:28,0,1,1
BRF:2
BRH:2
end_of_record
TN:
SF:services/insightsQueue.js
FN:12,initInsightsQueue
FN:22,(anonymous_1)
FN:50,oo_cm
FNF:3
FNH:1
FNDA:1,initInsightsQueue
FNDA:0,(anonymous_1)
FNDA:0,oo_cm
DA:1,1
DA:2,1
DA:3,1
DA:4,1
DA:9,1
DA:13,1
DA:14,1
DA:16,1
DA:17,1
DA:22,1
DA:23,0
DA:24,0
DA:25,0
DA:26,0
DA:43,1
DA:50,0
LF:16
LH:11
BRDA:14,0,0,1
BRDA:14,0,1,0
BRDA:50,1,0,0
BRDA:50,1,1,0
BRF:4
BRH:1
end_of_record
TN:
SF:utils/batch-single/cache/index.js
FN:4,(anonymous_0)
FN:9,(anonymous_1)
FN:21,(anonymous_2)
FN:30,(anonymous_3)
FN:40,oo_cm
FNF:5
FNH:2
FNDA:1,(anonymous_0)
FNDA:0,(anonymous_1)
FNDA:0,(anonymous_2)
FNDA:0,(anonymous_3)
FNDA:1,oo_cm
DA:1,1
DA:2,1
DA:3,1
DA:5,1
DA:6,1
DA:10,0
DA:11,0
DA:12,0
DA:14,0
DA:15,0
DA:17,0
DA:22,0
DA:23,0
DA:24,0
DA:26,0
DA:31,0
DA:40,1
LF:17
LH:6
BRDA:12,0,0,0
BRDA:12,0,1,0
BRDA:14,1,0,0
BRDA:14,1,1,0
BRDA:40,2,0,1
BRDA:40,2,1,1
BRF:6
BRH:2
end_of_record
TN:
SF:utils/batch-single/calculateBounceRate/index.js
FN:2,(anonymous_0)
FNF:1
FNH:0
FNDA:0,(anonymous_0)
DA:2,1
DA:3,0
LF:2
LH:1
BRDA:3,0,0,0
BRDA:3,0,1,0
BRF:2
BRH:0
end_of_record
TN:
SF:utils/batch-single/formatDate/index.js
FN:1,(anonymous_0)
FNF:1
FNH:1
FNDA:3,(anonymous_0)
DA:1,2
DA:2,3
DA:3,3
LF:3
LH:3
BRF:0
BRH:0
end_of_record
TN:
SF:utils/batch-single/insightsProcessor/index.js
FN:9,(anonymous_0)
FN:15,(anonymous_1)
FN:33,(anonymous_2)
FN:45,(anonymous_3)
FN:53,(anonymous_4)
FN:61,(anonymous_5)
FN:64,(anonymous_6)
FN:65,(anonymous_7)
FN:70,(anonymous_8)
FN:83,(anonymous_9)
FN:87,(anonymous_10)
FN:88,(anonymous_11)
FN:126,oo_cm
FNF:13
FNH:4
FNDA:1,(anonymous_0)
FNDA:0,(anonymous_1)
FNDA:0,(anonymous_2)
FNDA:0,(anonymous_3)
FNDA:1,(anonymous_4)
FNDA:0,(anonymous_5)
FNDA:1,(anonymous_6)
FNDA:0,(anonymous_7)
FNDA:0,(anonymous_8)
FNDA:1,(anonymous_9)
FNDA:0,(anonymous_10)
FNDA:0,(anonymous_11)
FNDA:0,oo_cm
DA:1,1
DA:2,1
DA:3,1
DA:4,1
DA:5,1
DA:6,1
DA:8,1
DA:10,1
DA:11,1
DA:12,1
DA:13,1
DA:16,0
DA:17,0
DA:19,0
DA:20,0
DA:22,0
DA:23,0
DA:25,0
DA:26,0
DA:28,0
DA:29,0
DA:34,0
DA:35,0
DA:37,0
DA:38,0
DA:39,0
DA:41,0
DA:46,0
DA:47,0
DA:49,0
DA:54,1
DA:55,1
DA:57,1
DA:60,1
DA:61,1
DA:64,1
DA:66,0
DA:67,0
DA:69,0
DA:70,0
DA:77,0
DA:78,0
DA:80,0
DA:86,1
DA:87,0
DA:88,0
DA:89,0
DA:91,0
DA:92,0
DA:93,0
DA:94,0
DA:95,0
DA:96,0
DA:97,0
DA:98,0
DA:100,0
DA:105,0
DA:106,0
DA:108,0
DA:109,0
DA:110,0
DA:111,0
DA:112,0
DA:113,0
DA:114,0
DA:117,0
DA:126,0
LF:67
LH:18
BRDA:15,0,0,0
BRDA:16,1,0,0
BRDA:16,1,1,0
BRDA:23,2,0,0
BRDA:23,2,1,0
BRDA:25,3,0,0
BRDA:25,3,1,0
BRDA:33,4,0,0
BRDA:34,5,0,0
BRDA:34,5,1,0
BRDA:55,6,0,0
BRDA:55,6,1,1
BRDA:86,7,0,1
BRDA:86,7,1,0
BRDA:89,8,0,0
BRDA:89,8,1,0
BRDA:89,9,0,0
BRDA:89,9,1,0
BRDA:94,10,0,0
BRDA:94,10,1,0
BRDA:94,11,0,0
BRDA:94,11,1,0
BRDA:95,12,0,0
BRDA:95,12,1,0
BRDA:95,13,0,0
BRDA:95,13,1,0
BRDA:97,14,0,0
BRDA:97,14,1,0
BRDA:98,15,0,0
BRDA:98,15,1,0
BRDA:105,16,0,0
BRDA:105,16,1,0
BRDA:108,17,0,0
BRDA:108,17,1,0
BRDA:126,18,0,0
BRDA:126,18,1,0
BRF:36
BRH:2
end_of_record
TN:
SF:utils/batch-single/processAndGetData/index.js
FN:4,(anonymous_0)
FN:119,(anonymous_1)
FN:134,(anonymous_2)
FN:140,(anonymous_3)
FN:160,(anonymous_4)
FN:184,oo_cm
FNF:6
FNH:6
FNDA:3,(anonymous_0)
FNDA:2,(anonymous_1)
FNDA:3,(anonymous_2)
FNDA:6,(anonymous_3)
FNDA:2,(anonymous_4)
FNDA:6,oo_cm
DA:1,2
DA:2,2
DA:4,2
DA:5,3
DA:6,3
DA:8,3
DA:9,3
DA:10,3
DA:11,3
DA:12,3
DA:13,3
DA:14,3
DA:15,3
DA:16,3
DA:18,3
DA:20,3
DA:22,3
DA:23,1
DA:24,1
DA:27,3
DA:82,3
DA:84,1
DA:85,1
DA:86,1
DA:87,0
DA:89,1
DA:90,1
DA:94,1
DA:95,1
DA:96,1
DA:97,1
DA:98,0
DA:99,0
DA:101,1
DA:102,1
DA:103,1
DA:104,1
DA:109,1
DA:110,1
DA:111,1
DA:115,1
DA:116,1
DA:117,1
DA:119,1
DA:120,2
DA:121,2
DA:122,2
DA:125,1
DA:126,0
DA:128,1
DA:129,1
DA:134,1
DA:135,3
DA:136,3
DA:138,3
DA:140,3
DA:141,6
DA:142,6
DA:143,6
DA:146,3
DA:147,0
DA:149,3
DA:150,3
DA:153,2
DA:154,1
DA:157,1
DA:158,1
DA:160,1
DA:161,2
DA:162,2
DA:163,2
DA:166,1
DA:167,0
DA:169,1
DA:170,1
DA:174,3
DA:176,3
DA:184,6
LF:78
LH:72
BRDA:13,0,0,3
BRDA:13,0,1,0
BRDA:14,1,0,3
BRDA:14,1,1,0
BRDA:18,2,0,0
BRDA:18,2,1,3
BRDA:22,3,0,1
BRDA:22,3,1,2
BRDA:82,4,0,1
BRDA:82,4,1,2
BRDA:86,5,0,0
BRDA:86,5,1,1
BRDA:94,6,0,1
BRDA:94,6,1,0
BRDA:97,7,0,0
BRDA:97,7,1,1
BRDA:109,8,0,1
BRDA:109,8,1,0
BRDA:115,9,0,1
BRDA:115,9,1,0
BRDA:116,10,0,1
BRDA:116,10,1,1
BRDA:117,11,0,1
BRDA:117,11,1,1
BRDA:120,12,0,2
BRDA:120,12,1,2
BRDA:122,13,0,2
BRDA:122,13,1,0
BRDA:125,14,0,0
BRDA:125,14,1,1
BRDA:136,15,0,0
BRDA:136,15,1,3
BRDA:138,16,0,3
BRDA:138,16,1,3
BRDA:141,17,0,6
BRDA:141,17,1,6
BRDA:143,18,0,6
BRDA:143,18,1,0
BRDA:146,19,0,0
BRDA:146,19,1,3
BRDA:153,20,0,1
BRDA:153,20,1,1
BRDA:154,21,0,1
BRDA:154,21,1,0
BRDA:157,22,0,1
BRDA:157,22,1,1
BRDA:158,23,0,1
BRDA:158,23,1,1
BRDA:161,24,0,2
BRDA:161,24,1,2
BRDA:163,25,0,2
BRDA:163,25,1,0
BRDA:166,26,0,0
BRDA:166,26,1,1
BRDA:184,27,0,6
BRDA:184,27,1,1
BRF:56
BRH:40
end_of_record
